2020-06-13 06:48:20.476  INFO 9064 --- [main] c.c.c.ConfigServicePropertySourceLocator : Fetching config from server at : http://localhost:8012
2020-06-13 06:48:22.001  INFO 9064 --- [main] c.c.c.ConfigServicePropertySourceLocator : Located environment: name=configserver, profiles=[default], label=null, version=98b8fea97531c0436e8ff5c39248bca08d27ce57, state=null
2020-06-13 06:48:22.002  INFO 9064 --- [main] b.c.PropertySourceBootstrapConfiguration : Located property source: [BootstrapPropertySource {name='bootstrapProperties-configClient'}, BootstrapPropertySource {name='bootstrapProperties-https://github.com/pratyushranjansahu/springdemo/application.properties'}]
2020-06-13 06:48:22.032  INFO 9064 --- [main] c.p.a.AlbumserviceApplication            : No active profile set, falling back to default profiles: default
2020-06-13 06:48:22.732  INFO 9064 --- [main] o.s.cloud.context.scope.GenericScope     : BeanFactory id=f4d859fa-7580-33eb-8992-a4fd4ba94351
2020-06-13 06:48:23.039  INFO 9064 --- [main] o.s.b.w.embedded.tomcat.TomcatWebServer  : Tomcat initialized with port(s): 0 (http)
2020-06-13 06:48:23.046  INFO 9064 --- [main] o.apache.catalina.core.StandardService   : Starting service [Tomcat]
2020-06-13 06:48:23.047  INFO 9064 --- [main] org.apache.catalina.core.StandardEngine  : Starting Servlet engine: [Apache Tomcat/9.0.35]
2020-06-13 06:48:23.129  INFO 9064 --- [main] o.a.c.c.C.[Tomcat].[localhost].[/]       : Initializing Spring embedded WebApplicationContext
2020-06-13 06:48:23.129  INFO 9064 --- [main] o.s.web.context.ContextLoader            : Root WebApplicationContext: initialization completed in 1083 ms
2020-06-13 06:48:23.179  WARN 9064 --- [main] c.n.c.sources.URLConfigurationSource     : No URLs will be polled as dynamic configuration sources.
2020-06-13 06:48:23.180  INFO 9064 --- [main] c.n.c.sources.URLConfigurationSource     : To enable URLs as dynamic configuration sources, define System property archaius.configurationSource.additionalUrls or make config.properties available on classpath.
2020-06-13 06:48:23.184  WARN 9064 --- [main] c.n.c.sources.URLConfigurationSource     : No URLs will be polled as dynamic configuration sources.
2020-06-13 06:48:23.184  INFO 9064 --- [main] c.n.c.sources.URLConfigurationSource     : To enable URLs as dynamic configuration sources, define System property archaius.configurationSource.additionalUrls or make config.properties available on classpath.
2020-06-13 06:48:23.342  INFO 9064 --- [main] o.s.s.concurrent.ThreadPoolTaskExecutor  : Initializing ExecutorService 'applicationTaskExecutor'
2020-06-13 06:48:23.963  WARN 9064 --- [main] ockingLoadBalancerClientRibbonWarnLogger : You already have RibbonLoadBalancerClient on your classpath. It will be used by default. As Spring Cloud Ribbon is in maintenance mode. We recommend switching to BlockingLoadBalancerClient instead. In order to use it, set the value of `spring.cloud.loadbalancer.ribbon.enabled` to `false` or remove spring-cloud-starter-netflix-ribbon from your project.
2020-06-13 06:48:24.115  INFO 9064 --- [main] o.s.b.w.embedded.tomcat.TomcatWebServer  : Tomcat started on port(s): 40351 (http) with context path ''
2020-06-13 06:48:24.117  INFO 9064 --- [main] .s.c.n.e.s.EurekaAutoServiceRegistration : Updating port to 40351
2020-06-13 06:48:24.122  INFO 9064 --- [main] o.s.c.n.eureka.InstanceInfoFactory       : Setting initial instance status as: STARTING
2020-06-13 06:48:24.152  INFO 9064 --- [main] com.netflix.discovery.DiscoveryClient    : Initializing Eureka in region us-east-1
2020-06-13 06:48:24.313  INFO 9064 --- [main] c.n.d.provider.DiscoveryJerseyProvider   : Using JSON encoding codec LegacyJacksonJson
2020-06-13 06:48:24.313  INFO 9064 --- [main] c.n.d.provider.DiscoveryJerseyProvider   : Using JSON decoding codec LegacyJacksonJson
2020-06-13 06:48:24.441  INFO 9064 --- [main] c.n.d.provider.DiscoveryJerseyProvider   : Using XML encoding codec XStreamXml
2020-06-13 06:48:24.442  INFO 9064 --- [main] c.n.d.provider.DiscoveryJerseyProvider   : Using XML decoding codec XStreamXml
2020-06-13 06:48:24.597  INFO 9064 --- [main] c.n.d.s.r.aws.ConfigClusterResolver      : Resolving eureka endpoints via configuration
2020-06-13 06:48:24.610  INFO 9064 --- [main] com.netflix.discovery.DiscoveryClient    : Disable delta property : false
2020-06-13 06:48:24.610  INFO 9064 --- [main] com.netflix.discovery.DiscoveryClient    : Single vip registry refresh property : null
2020-06-13 06:48:24.610  INFO 9064 --- [main] com.netflix.discovery.DiscoveryClient    : Force full registry fetch : false
2020-06-13 06:48:24.610  INFO 9064 --- [main] com.netflix.discovery.DiscoveryClient    : Application is null : false
2020-06-13 06:48:24.610  INFO 9064 --- [main] com.netflix.discovery.DiscoveryClient    : Registered Applications size is zero : true
2020-06-13 06:48:24.610  INFO 9064 --- [main] com.netflix.discovery.DiscoveryClient    : Application version is -1: true
2020-06-13 06:48:24.610  INFO 9064 --- [main] com.netflix.discovery.DiscoveryClient    : Getting all instance registry info from the eureka server
2020-06-13 06:48:24.800  INFO 9064 --- [main] com.netflix.discovery.DiscoveryClient    : The response status is 200
2020-06-13 06:48:24.802  INFO 9064 --- [main] com.netflix.discovery.DiscoveryClient    : Starting heartbeat executor: renew interval is: 30
2020-06-13 06:48:24.804  INFO 9064 --- [main] c.n.discovery.InstanceInfoReplicator     : InstanceInfoReplicator onDemand update allowed rate per min is 4
2020-06-13 06:48:24.808  INFO 9064 --- [main] com.netflix.discovery.DiscoveryClient    : Discovery Client initialized at timestamp 1592011104808 with initial instances count: 1
2020-06-13 06:48:24.810  INFO 9064 --- [main] o.s.c.n.e.s.EurekaServiceRegistry        : Registering application ALBUMS-WS with eureka with status UP
2020-06-13 06:48:24.810  INFO 9064 --- [main] com.netflix.discovery.DiscoveryClient    : Saw local status change event StatusChangeEvent [timestamp=1592011104810, current=UP, previous=STARTING]
2020-06-13 06:48:24.812  INFO 9064 --- [DiscoveryClient-InstanceInfoReplicator-0] com.netflix.discovery.DiscoveryClient    : DiscoveryClient_ALBUMS-WS/albums-ws:6a7602162f520062154b51befb8bf9f6: registering service...
2020-06-13 06:48:24.853  INFO 9064 --- [DiscoveryClient-InstanceInfoReplicator-0] com.netflix.discovery.DiscoveryClient    : DiscoveryClient_ALBUMS-WS/albums-ws:6a7602162f520062154b51befb8bf9f6 - registration status: 204
2020-06-13 06:48:24.917  INFO 9064 --- [main] c.p.a.AlbumserviceApplication            : Started AlbumserviceApplication in 5.12 seconds (JVM running for 5.563)
